app/build/intermediates/manifest_merge_blame_file/release/manifest-merger-blame-release-report.txt
1<?xml version="1.0" encoding="utf-8"?>
2<manifest xmlns:android="http://schemas.android.com/apk/res/android"
3    package="com.example.a1024"
4    android:versionCode="1"
5    android:versionName="1.0" >
6
7    <uses-sdk
8        android:minSdkVersion="16"
8-->src\main\AndroidManifest.xml
9        android:targetSdkVersion="30" />
9-->src\main\AndroidManifest.xml
10
11    <uses-permission android:name="android.permission.INTERNET" />
11-->src\main\AndroidManifest.xml:6:5-67
11-->src\main\AndroidManifest.xml:6:22-64
12    <uses-permission android:name="android.permission.ACCESS_NETWORK_STATE" />
12-->[com.firebaseui:firebase-ui-auth:6.4.0] AndroidManifest.xml:12:5-79
12-->[com.firebaseui:firebase-ui-auth:6.4.0] AndroidManifest.xml:12:22-76
13    <uses-permission android:name="android.permission.WAKE_LOCK" /> <!-- Required by older versions of Google Play services to create IID tokens -->
13-->[com.google.firebase:firebase-iid:21.0.0] AndroidManifest.xml:24:5-68
13-->[com.google.firebase:firebase-iid:21.0.0] AndroidManifest.xml:24:22-65
14    <uses-permission android:name="com.google.android.c2dm.permission.RECEIVE" />
14-->[com.google.firebase:firebase-iid:21.0.0] AndroidManifest.xml:26:5-82
14-->[com.google.firebase:firebase-iid:21.0.0] AndroidManifest.xml:26:22-79
15    <uses-permission android:name="com.google.android.finsky.permission.BIND_GET_INSTALL_REFERRER_SERVICE" />
15-->[com.google.android.gms:play-services-measurement:18.0.0] AndroidManifest.xml:26:5-110
15-->[com.google.android.gms:play-services-measurement:18.0.0] AndroidManifest.xml:26:22-107
16
17    <application
17-->src\main\AndroidManifest.xml:8:5-66:19
18        android:name="androidx.multidex.MultiDexApplication"
19        android:allowBackup="true"
19-->src\main\AndroidManifest.xml:9:9-35
20        android:appComponentFactory="androidx.core.app.CoreComponentFactory"
20-->[androidx.core:core:1.3.1] AndroidManifest.xml:24:18-86
21        android:icon="@mipmap/ic_gameland_round"
21-->src\main\AndroidManifest.xml:10:9-49
22        android:label="@string/app_name"
22-->src\main\AndroidManifest.xml:11:9-41
23        android:roundIcon="@mipmap/ic_launcher_round"
23-->src\main\AndroidManifest.xml:12:9-54
24        android:supportsRtl="true"
24-->src\main\AndroidManifest.xml:13:9-35
25        android:theme="@style/Theme.AppCompat.Light.NoActionBar" >
25-->src\main\AndroidManifest.xml:14:9-65
26        <activity android:name="com.example.a1024.Activity_TopQuiz.CategorieActivity" />
26-->src\main\AndroidManifest.xml:15:9-81
26-->src\main\AndroidManifest.xml:15:19-69
27        <activity android:name="com.example.a1024.MainScreen2" />
27-->src\main\AndroidManifest.xml:16:9-49
27-->src\main\AndroidManifest.xml:16:19-46
28        <activity android:name="com.example.a1024.Activity_TopQuiz.MainActivity2_TopQuiz" />
28-->src\main\AndroidManifest.xml:17:9-76
28-->src\main\AndroidManifest.xml:17:19-73
29        <activity android:name="com.example.a1024.Activity_TopQuiz.MainActivity_TopQuiz" />
29-->src\main\AndroidManifest.xml:18:9-75
29-->src\main\AndroidManifest.xml:18:19-72
30        <activity android:name="com.example.a1024.Activity_TopQuiz.GameActivity" />
30-->src\main\AndroidManifest.xml:19:9-67
30-->src\main\AndroidManifest.xml:19:19-64
31        <activity android:name="com.example.a1024.Demarrage" />
31-->src\main\AndroidManifest.xml:20:9-47
31-->src\main\AndroidManifest.xml:20:19-44
32        <activity android:name="com.example.a1024.ProfileActivity" />
32-->src\main\AndroidManifest.xml:21:9-53
32-->src\main\AndroidManifest.xml:21:19-50
33        <activity android:name="com.example.a1024.Score_list" />
33-->src\main\AndroidManifest.xml:22:9-48
33-->src\main\AndroidManifest.xml:22:19-45
34        <activity android:name="com.example.a1024.Setting" />
34-->src\main\AndroidManifest.xml:23:9-45
34-->src\main\AndroidManifest.xml:23:19-42
35        <activity android:name="com.example.a1024.Play_screen2" />
35-->src\main\AndroidManifest.xml:24:9-50
35-->src\main\AndroidManifest.xml:24:19-47
36        <activity android:name="com.example.a1024.Connexion" />
36-->src\main\AndroidManifest.xml:25:9-47
36-->src\main\AndroidManifest.xml:25:19-44
37        <activity android:name="com.example.a1024.HowtoPlay" />
37-->src\main\AndroidManifest.xml:26:9-47
37-->src\main\AndroidManifest.xml:26:19-44
38        <activity android:name="com.example.a1024.Play_screen" />
38-->src\main\AndroidManifest.xml:27:9-49
38-->src\main\AndroidManifest.xml:27:19-46
39        <activity android:name="com.example.a1024.MainScreen" />
39-->src\main\AndroidManifest.xml:28:9-48
39-->src\main\AndroidManifest.xml:28:19-45
40        <activity android:name="com.example.a1024.Login" />
40-->src\main\AndroidManifest.xml:29:9-43
40-->src\main\AndroidManifest.xml:29:19-40
41        <activity android:name="com.example.a1024.MainActivity2" />
41-->src\main\AndroidManifest.xml:30:9-51
41-->src\main\AndroidManifest.xml:30:19-48
42        <activity android:name="com.example.a1024.Ranking" />
42-->src\main\AndroidManifest.xml:31:9-45
42-->src\main\AndroidManifest.xml:31:19-42
43        <activity android:name="com.example.a1024.User_list" />
43-->src\main\AndroidManifest.xml:32:9-47
43-->src\main\AndroidManifest.xml:32:19-44
44        <activity android:name="com.example.a1024.Acceuil" >
44-->src\main\AndroidManifest.xml:33:9-39:20
44-->src\main\AndroidManifest.xml:33:19-42
45            <intent-filter>
45-->src\main\AndroidManifest.xml:34:13-38:29
46                <action android:name="android.intent.action.MAIN" />
46-->src\main\AndroidManifest.xml:35:17-69
46-->src\main\AndroidManifest.xml:35:25-66
47
48                <category android:name="android.intent.category.LAUNCHER" />
48-->src\main\AndroidManifest.xml:37:17-77
48-->src\main\AndroidManifest.xml:37:27-74
49            </intent-filter>
50        </activity>
51        <!--
52<meta-data
53            android:name="com.facebook.sdk.ApplicationId"
54            android:value="@string/facebook_app_id" />
55        -->
56        <activity
56-->src\main\AndroidManifest.xml:45:9-48:48
57            android:name="com.facebook.FacebookActivity"
57-->src\main\AndroidManifest.xml:46:13-57
58            android:configChanges="keyboard|keyboardHidden|screenLayout|screenSize|orientation"
58-->src\main\AndroidManifest.xml:47:13-96
59            android:label="@string/app_name"
59-->src\main\AndroidManifest.xml:48:13-45
60            android:theme="@style/com_facebook_activity_theme" />
60-->[com.facebook.android:facebook-common:6.5.1] AndroidManifest.xml:33:13-63
61        <activity
61-->src\main\AndroidManifest.xml:49:9-60:20
62            android:name="com.facebook.CustomTabActivity"
62-->src\main\AndroidManifest.xml:50:13-58
63            android:exported="true" >
63-->src\main\AndroidManifest.xml:51:13-36
64            <intent-filter>
64-->src\main\AndroidManifest.xml:52:13-59:29
65                <action android:name="android.intent.action.VIEW" />
65-->src\main\AndroidManifest.xml:53:17-69
65-->src\main\AndroidManifest.xml:53:25-66
66
67                <category android:name="android.intent.category.DEFAULT" />
67-->src\main\AndroidManifest.xml:55:17-76
67-->src\main\AndroidManifest.xml:55:27-73
68                <category android:name="android.intent.category.BROWSABLE" />
68-->src\main\AndroidManifest.xml:56:17-78
68-->src\main\AndroidManifest.xml:56:27-75
69
70                <data android:scheme="@string/facebook_login_protocol_scheme" />
70-->src\main\AndroidManifest.xml:58:17-81
70-->src\main\AndroidManifest.xml:58:23-78
71            </intent-filter>
72            <intent-filter>
72-->[com.facebook.android:facebook-common:6.5.1] AndroidManifest.xml:39:13-48:29
73                <action android:name="android.intent.action.VIEW" />
73-->src\main\AndroidManifest.xml:53:17-69
73-->src\main\AndroidManifest.xml:53:25-66
74
75                <category android:name="android.intent.category.DEFAULT" />
75-->src\main\AndroidManifest.xml:55:17-76
75-->src\main\AndroidManifest.xml:55:27-73
76                <category android:name="android.intent.category.BROWSABLE" />
76-->src\main\AndroidManifest.xml:56:17-78
76-->src\main\AndroidManifest.xml:56:27-75
77
78                <data
78-->src\main\AndroidManifest.xml:58:17-81
79                    android:host="cct.com.example.a1024"
80                    android:scheme="fbconnect" />
80-->src\main\AndroidManifest.xml:58:23-78
81            </intent-filter>
82        </activity> <!-- NOTIFICATION SERVICE -->
83        <service android:name="com.example.a1024.Notifications.NotificationServices" >
83-->src\main\AndroidManifest.xml:61:9-65:19
83-->src\main\AndroidManifest.xml:61:18-68
84            <intent-filter>
84-->src\main\AndroidManifest.xml:62:13-64:29
85                <action android:name="com.google.firebase.MESSAGING_EVENT" />
85-->src\main\AndroidManifest.xml:63:17-78
85-->src\main\AndroidManifest.xml:63:25-75
86            </intent-filter>
87        </service>
88
89        <meta-data
89-->[com.firebaseui:firebase-ui-auth:6.4.0] AndroidManifest.xml:16:9-18:69
90            android:name="com.google.android.gms.version"
90-->[com.firebaseui:firebase-ui-auth:6.4.0] AndroidManifest.xml:17:13-58
91            android:value="@integer/google_play_services_version" />
91-->[com.firebaseui:firebase-ui-auth:6.4.0] AndroidManifest.xml:18:13-66
92        <meta-data
92-->[com.firebaseui:firebase-ui-auth:6.4.0] AndroidManifest.xml:19:9-21:63
93            android:name="com.facebook.sdk.ApplicationId"
93-->[com.firebaseui:firebase-ui-auth:6.4.0] AndroidManifest.xml:20:13-58
94            android:value="@string/facebook_application_id" />
94-->[com.firebaseui:firebase-ui-auth:6.4.0] AndroidManifest.xml:21:13-60
95
96        <activity
96-->[com.firebaseui:firebase-ui-auth:6.4.0] AndroidManifest.xml:23:9-27:61
97            android:name="com.firebase.ui.auth.KickoffActivity"
97-->[com.firebaseui:firebase-ui-auth:6.4.0] AndroidManifest.xml:24:13-64
98            android:exported="false"
98-->[com.firebaseui:firebase-ui-auth:6.4.0] AndroidManifest.xml:25:13-37
99            android:label=""
99-->[com.firebaseui:firebase-ui-auth:6.4.0] AndroidManifest.xml:26:13-29
100            android:theme="@style/FirebaseUI.Transparent" />
100-->[com.firebaseui:firebase-ui-auth:6.4.0] AndroidManifest.xml:27:13-58
101        <activity
101-->[com.firebaseui:firebase-ui-auth:6.4.0] AndroidManifest.xml:28:9-32:61
102            android:name="com.firebase.ui.auth.ui.idp.SingleSignInActivity"
102-->[com.firebaseui:firebase-ui-auth:6.4.0] AndroidManifest.xml:29:13-76
103            android:exported="false"
103-->[com.firebaseui:firebase-ui-auth:6.4.0] AndroidManifest.xml:30:13-37
104            android:label=""
104-->[com.firebaseui:firebase-ui-auth:6.4.0] AndroidManifest.xml:31:13-29
105            android:theme="@style/FirebaseUI.Transparent" />
105-->[com.firebaseui:firebase-ui-auth:6.4.0] AndroidManifest.xml:32:13-58
106        <activity
106-->[com.firebaseui:firebase-ui-auth:6.4.0] AndroidManifest.xml:33:9-37:61
107            android:name="com.firebase.ui.auth.ui.credentials.CredentialSaveActivity"
107-->[com.firebaseui:firebase-ui-auth:6.4.0] AndroidManifest.xml:34:13-86
108            android:exported="false"
108-->[com.firebaseui:firebase-ui-auth:6.4.0] AndroidManifest.xml:35:13-37
109            android:label=""
109-->[com.firebaseui:firebase-ui-auth:6.4.0] AndroidManifest.xml:36:13-29
110            android:theme="@style/FirebaseUI.Transparent" />
110-->[com.firebaseui:firebase-ui-auth:6.4.0] AndroidManifest.xml:37:13-58
111        <activity
111-->[com.firebaseui:firebase-ui-auth:6.4.0] AndroidManifest.xml:38:9-42:58
112            android:name="com.firebase.ui.auth.ui.email.RecoverPasswordActivity"
112-->[com.firebaseui:firebase-ui-auth:6.4.0] AndroidManifest.xml:39:13-81
113            android:exported="false"
113-->[com.firebaseui:firebase-ui-auth:6.4.0] AndroidManifest.xml:40:13-37
114            android:label="@string/fui_title_recover_password_activity"
114-->[com.firebaseui:firebase-ui-auth:6.4.0] AndroidManifest.xml:41:13-72
115            android:windowSoftInputMode="adjustResize" />
115-->[com.firebaseui:firebase-ui-auth:6.4.0] AndroidManifest.xml:42:13-55
116        <activity
116-->[com.firebaseui:firebase-ui-auth:6.4.0] AndroidManifest.xml:43:9-47:58
117            android:name="com.firebase.ui.auth.ui.email.EmailActivity"
117-->[com.firebaseui:firebase-ui-auth:6.4.0] AndroidManifest.xml:44:13-71
118            android:exported="false"
118-->[com.firebaseui:firebase-ui-auth:6.4.0] AndroidManifest.xml:45:13-37
119            android:label="@string/fui_sign_in_default"
119-->[com.firebaseui:firebase-ui-auth:6.4.0] AndroidManifest.xml:46:13-56
120            android:windowSoftInputMode="adjustResize" />
120-->[com.firebaseui:firebase-ui-auth:6.4.0] AndroidManifest.xml:47:13-55
121        <activity
121-->[com.firebaseui:firebase-ui-auth:6.4.0] AndroidManifest.xml:48:9-52:77
122            android:name="com.firebase.ui.auth.ui.phone.PhoneActivity"
122-->[com.firebaseui:firebase-ui-auth:6.4.0] AndroidManifest.xml:49:13-71
123            android:exported="false"
123-->[com.firebaseui:firebase-ui-auth:6.4.0] AndroidManifest.xml:50:13-37
124            android:label="@string/fui_sign_in_with_phone_number"
124-->[com.firebaseui:firebase-ui-auth:6.4.0] AndroidManifest.xml:51:13-66
125            android:windowSoftInputMode="adjustResize|stateAlwaysVisible" />
125-->[com.firebaseui:firebase-ui-auth:6.4.0] AndroidManifest.xml:52:13-74
126        <activity
126-->[com.firebaseui:firebase-ui-auth:6.4.0] AndroidManifest.xml:53:9-57:58
127            android:name="com.firebase.ui.auth.ui.idp.WelcomeBackIdpPrompt"
127-->[com.firebaseui:firebase-ui-auth:6.4.0] AndroidManifest.xml:54:13-76
128            android:exported="false"
128-->[com.firebaseui:firebase-ui-auth:6.4.0] AndroidManifest.xml:55:13-37
129            android:label="@string/fui_title_welcome_back_idp_prompt"
129-->[com.firebaseui:firebase-ui-auth:6.4.0] AndroidManifest.xml:56:13-70
130            android:windowSoftInputMode="adjustResize" />
130-->[com.firebaseui:firebase-ui-auth:6.4.0] AndroidManifest.xml:57:13-55
131        <activity
131-->[com.firebaseui:firebase-ui-auth:6.4.0] AndroidManifest.xml:58:9-62:58
132            android:name="com.firebase.ui.auth.ui.email.WelcomeBackPasswordPrompt"
132-->[com.firebaseui:firebase-ui-auth:6.4.0] AndroidManifest.xml:59:13-83
133            android:exported="false"
133-->[com.firebaseui:firebase-ui-auth:6.4.0] AndroidManifest.xml:60:13-37
134            android:label="@string/fui_title_welcome_back_password_prompt"
134-->[com.firebaseui:firebase-ui-auth:6.4.0] AndroidManifest.xml:61:13-75
135            android:windowSoftInputMode="adjustResize" />
135-->[com.firebaseui:firebase-ui-auth:6.4.0] AndroidManifest.xml:62:13-55
136        <activity
136-->[com.firebaseui:firebase-ui-auth:6.4.0] AndroidManifest.xml:63:9-67:58
137            android:name="com.firebase.ui.auth.ui.email.WelcomeBackEmailLinkPrompt"
137-->[com.firebaseui:firebase-ui-auth:6.4.0] AndroidManifest.xml:64:13-84
138            android:exported="false"
138-->[com.firebaseui:firebase-ui-auth:6.4.0] AndroidManifest.xml:65:13-37
139            android:label="@string/fui_title_welcome_back_password_prompt"
139-->[com.firebaseui:firebase-ui-auth:6.4.0] AndroidManifest.xml:66:13-75
140            android:windowSoftInputMode="adjustResize" />
140-->[com.firebaseui:firebase-ui-auth:6.4.0] AndroidManifest.xml:67:13-55
141        <activity
141-->[com.firebaseui:firebase-ui-auth:6.4.0] AndroidManifest.xml:68:9-73:58
142            android:name="com.firebase.ui.auth.ui.email.EmailLinkCatcherActivity"
142-->[com.firebaseui:firebase-ui-auth:6.4.0] AndroidManifest.xml:69:13-82
143            android:exported="false"
143-->[com.firebaseui:firebase-ui-auth:6.4.0] AndroidManifest.xml:70:13-37
144            android:label=""
144-->[com.firebaseui:firebase-ui-auth:6.4.0] AndroidManifest.xml:71:13-29
145            android:theme="@style/FirebaseUI.Transparent"
145-->[com.firebaseui:firebase-ui-auth:6.4.0] AndroidManifest.xml:72:13-58
146            android:windowSoftInputMode="adjustResize" />
146-->[com.firebaseui:firebase-ui-auth:6.4.0] AndroidManifest.xml:73:13-55
147        <activity
147-->[com.firebaseui:firebase-ui-auth:6.4.0] AndroidManifest.xml:74:9-78:58
148            android:name="com.firebase.ui.auth.ui.email.EmailLinkErrorRecoveryActivity"
148-->[com.firebaseui:firebase-ui-auth:6.4.0] AndroidManifest.xml:75:13-88
149            android:exported="false"
149-->[com.firebaseui:firebase-ui-auth:6.4.0] AndroidManifest.xml:76:13-37
150            android:label="@string/fui_sign_in_default"
150-->[com.firebaseui:firebase-ui-auth:6.4.0] AndroidManifest.xml:77:13-56
151            android:windowSoftInputMode="adjustResize" />
151-->[com.firebaseui:firebase-ui-auth:6.4.0] AndroidManifest.xml:78:13-55
152        <activity
152-->[com.firebaseui:firebase-ui-auth:6.4.0] AndroidManifest.xml:79:9-82:65
153            android:name="com.firebase.ui.auth.ui.idp.AuthMethodPickerActivity"
153-->[com.firebaseui:firebase-ui-auth:6.4.0] AndroidManifest.xml:80:13-80
154            android:exported="false"
154-->[com.firebaseui:firebase-ui-auth:6.4.0] AndroidManifest.xml:81:13-37
155            android:label="@string/fui_default_toolbar_title" />
155-->[com.firebaseui:firebase-ui-auth:6.4.0] AndroidManifest.xml:82:13-62
156
157        <provider
157-->[com.firebaseui:firebase-ui-auth:6.4.0] AndroidManifest.xml:102:9-106:38
158            android:name="com.firebase.ui.auth.data.client.AuthUiInitProvider"
158-->[com.firebaseui:firebase-ui-auth:6.4.0] AndroidManifest.xml:103:13-79
159            android:authorities="com.example.a1024.authuiinitprovider"
159-->[com.firebaseui:firebase-ui-auth:6.4.0] AndroidManifest.xml:104:13-70
160            android:exported="false"
160-->[com.firebaseui:firebase-ui-auth:6.4.0] AndroidManifest.xml:105:13-37
161            android:initOrder="90" />
161-->[com.firebaseui:firebase-ui-auth:6.4.0] AndroidManifest.xml:106:13-35
162
163        <activity android:name="com.facebook.CustomTabMainActivity" />
163-->[com.facebook.android:facebook-common:6.5.1] AndroidManifest.xml:34:9-71
163-->[com.facebook.android:facebook-common:6.5.1] AndroidManifest.xml:34:19-68
164        <!--
165             FirebaseMessagingService performs security checks at runtime,
166             but set to not exported to explicitly avoid allowing another app to call it.
167        -->
168        <service
168-->[com.google.firebase:firebase-messaging:21.0.0] AndroidManifest.xml:28:9-35:19
169            android:name="com.google.firebase.messaging.FirebaseMessagingService"
169-->[com.google.firebase:firebase-messaging:21.0.0] AndroidManifest.xml:29:13-82
170            android:directBootAware="true"
170-->[com.google.firebase:firebase-messaging:21.0.0] AndroidManifest.xml:30:13-43
171            android:exported="false" >
171-->[com.google.firebase:firebase-messaging:21.0.0] AndroidManifest.xml:31:13-37
172            <intent-filter android:priority="-500" >
172-->src\main\AndroidManifest.xml:62:13-64:29
173                <action android:name="com.google.firebase.MESSAGING_EVENT" />
173-->src\main\AndroidManifest.xml:63:17-78
173-->src\main\AndroidManifest.xml:63:25-75
174            </intent-filter>
175        </service>
176        <service
176-->[com.google.firebase:firebase-messaging:21.0.0] AndroidManifest.xml:36:9-42:19
177            android:name="com.google.firebase.components.ComponentDiscoveryService"
177-->[com.google.firebase:firebase-messaging:21.0.0] AndroidManifest.xml:37:13-84
178            android:directBootAware="true"
178-->[com.google.firebase:firebase-common:19.4.0] AndroidManifest.xml:35:13-43
179            android:exported="false" >
179-->[com.google.firebase:firebase-messaging:21.0.0] AndroidManifest.xml:38:13-37
180            <meta-data
180-->[com.google.firebase:firebase-messaging:21.0.0] AndroidManifest.xml:39:13-41:85
181                android:name="com.google.firebase.components:com.google.firebase.messaging.FirebaseMessagingRegistrar"
181-->[com.google.firebase:firebase-messaging:21.0.0] AndroidManifest.xml:40:17-119
182                android:value="com.google.firebase.components.ComponentRegistrar" />
182-->[com.google.firebase:firebase-messaging:21.0.0] AndroidManifest.xml:41:17-82
183            <meta-data
183-->[com.google.firebase:firebase-auth:20.0.1] AndroidManifest.xml:77:13-79:85
184                android:name="com.google.firebase.components:com.google.firebase.auth.FirebaseAuthRegistrar"
184-->[com.google.firebase:firebase-auth:20.0.1] AndroidManifest.xml:78:17-109
185                android:value="com.google.firebase.components.ComponentRegistrar" />
185-->[com.google.firebase:firebase-auth:20.0.1] AndroidManifest.xml:79:17-82
186            <meta-data
186-->[com.google.firebase:firebase-iid:21.0.0] AndroidManifest.xml:32:13-34:85
187                android:name="com.google.firebase.components:com.google.firebase.iid.Registrar"
187-->[com.google.firebase:firebase-iid:21.0.0] AndroidManifest.xml:33:17-96
188                android:value="com.google.firebase.components.ComponentRegistrar" />
188-->[com.google.firebase:firebase-iid:21.0.0] AndroidManifest.xml:34:17-82
189            <meta-data
189-->[com.google.firebase:firebase-firestore:22.0.0] AndroidManifest.xml:20:13-22:85
190                android:name="com.google.firebase.components:com.google.firebase.firestore.FirestoreRegistrar"
190-->[com.google.firebase:firebase-firestore:22.0.0] AndroidManifest.xml:21:17-111
191                android:value="com.google.firebase.components.ComponentRegistrar" />
191-->[com.google.firebase:firebase-firestore:22.0.0] AndroidManifest.xml:22:17-82
192            <meta-data
192-->[com.google.android.gms:play-services-measurement-api:18.0.0] AndroidManifest.xml:30:13-32:85
193                android:name="com.google.firebase.components:com.google.firebase.analytics.connector.internal.AnalyticsConnectorRegistrar"
193-->[com.google.android.gms:play-services-measurement-api:18.0.0] AndroidManifest.xml:31:17-139
194                android:value="com.google.firebase.components.ComponentRegistrar" />
194-->[com.google.android.gms:play-services-measurement-api:18.0.0] AndroidManifest.xml:32:17-82
195            <meta-data
195-->[com.google.firebase:firebase-datatransport:17.0.3] AndroidManifest.xml:28:13-30:85
196                android:name="com.google.firebase.components:com.google.firebase.datatransport.TransportRegistrar"
196-->[com.google.firebase:firebase-datatransport:17.0.3] AndroidManifest.xml:29:17-115
197                android:value="com.google.firebase.components.ComponentRegistrar" />
197-->[com.google.firebase:firebase-datatransport:17.0.3] AndroidManifest.xml:30:17-82
198            <meta-data
198-->[com.google.firebase:firebase-installations:16.3.4] AndroidManifest.xml:18:13-20:85
199                android:name="com.google.firebase.components:com.google.firebase.installations.FirebaseInstallationsRegistrar"
199-->[com.google.firebase:firebase-installations:16.3.4] AndroidManifest.xml:19:17-127
200                android:value="com.google.firebase.components.ComponentRegistrar" />
200-->[com.google.firebase:firebase-installations:16.3.4] AndroidManifest.xml:20:17-82
201        </service>
202
203        <activity
203-->[com.google.firebase:firebase-auth:20.0.1] AndroidManifest.xml:27:9-44:20
204            android:name="com.google.firebase.auth.internal.GenericIdpActivity"
204-->[com.google.firebase:firebase-auth:20.0.1] AndroidManifest.xml:28:13-80
205            android:excludeFromRecents="true"
205-->[com.google.firebase:firebase-auth:20.0.1] AndroidManifest.xml:29:13-46
206            android:exported="true"
206-->[com.google.firebase:firebase-auth:20.0.1] AndroidManifest.xml:30:13-36
207            android:launchMode="singleTask"
207-->[com.google.firebase:firebase-auth:20.0.1] AndroidManifest.xml:31:13-44
208            android:theme="@android:style/Theme.Translucent.NoTitleBar" >
208-->[com.google.firebase:firebase-auth:20.0.1] AndroidManifest.xml:32:13-72
209            <intent-filter>
209-->[com.google.firebase:firebase-auth:20.0.1] AndroidManifest.xml:33:13-43:29
210                <action android:name="android.intent.action.VIEW" />
210-->src\main\AndroidManifest.xml:53:17-69
210-->src\main\AndroidManifest.xml:53:25-66
211
212                <category android:name="android.intent.category.DEFAULT" />
212-->src\main\AndroidManifest.xml:55:17-76
212-->src\main\AndroidManifest.xml:55:27-73
213                <category android:name="android.intent.category.BROWSABLE" />
213-->src\main\AndroidManifest.xml:56:17-78
213-->src\main\AndroidManifest.xml:56:27-75
214
215                <data
215-->src\main\AndroidManifest.xml:58:17-81
216                    android:host="firebase.auth"
217                    android:path="/"
218                    android:scheme="genericidp" />
218-->src\main\AndroidManifest.xml:58:23-78
219            </intent-filter>
220        </activity>
221        <activity
221-->[com.google.firebase:firebase-auth:20.0.1] AndroidManifest.xml:45:9-62:20
222            android:name="com.google.firebase.auth.internal.RecaptchaActivity"
222-->[com.google.firebase:firebase-auth:20.0.1] AndroidManifest.xml:46:13-79
223            android:excludeFromRecents="true"
223-->[com.google.firebase:firebase-auth:20.0.1] AndroidManifest.xml:47:13-46
224            android:exported="true"
224-->[com.google.firebase:firebase-auth:20.0.1] AndroidManifest.xml:48:13-36
225            android:launchMode="singleTask"
225-->[com.google.firebase:firebase-auth:20.0.1] AndroidManifest.xml:49:13-44
226            android:theme="@android:style/Theme.Translucent.NoTitleBar" >
226-->[com.google.firebase:firebase-auth:20.0.1] AndroidManifest.xml:50:13-72
227            <intent-filter>
227-->[com.google.firebase:firebase-auth:20.0.1] AndroidManifest.xml:51:13-61:29
228                <action android:name="android.intent.action.VIEW" />
228-->src\main\AndroidManifest.xml:53:17-69
228-->src\main\AndroidManifest.xml:53:25-66
229
230                <category android:name="android.intent.category.DEFAULT" />
230-->src\main\AndroidManifest.xml:55:17-76
230-->src\main\AndroidManifest.xml:55:27-73
231                <category android:name="android.intent.category.BROWSABLE" />
231-->src\main\AndroidManifest.xml:56:17-78
231-->src\main\AndroidManifest.xml:56:27-75
232
233                <data
233-->src\main\AndroidManifest.xml:58:17-81
234                    android:host="firebase.auth"
235                    android:path="/"
236                    android:scheme="recaptcha" />
236-->src\main\AndroidManifest.xml:58:23-78
237            </intent-filter>
238        </activity>
239
240        <service
240-->[com.google.firebase:firebase-auth:20.0.1] AndroidManifest.xml:64:9-73:19
241            android:name="com.google.firebase.auth.api.fallback.service.FirebaseAuthFallbackService"
241-->[com.google.firebase:firebase-auth:20.0.1] AndroidManifest.xml:65:13-101
242            android:enabled="true"
242-->[com.google.firebase:firebase-auth:20.0.1] AndroidManifest.xml:66:13-35
243            android:exported="false" >
243-->[com.google.firebase:firebase-auth:20.0.1] AndroidManifest.xml:67:13-37
244            <intent-filter>
244-->[com.google.firebase:firebase-auth:20.0.1] AndroidManifest.xml:68:13-72:29
245                <action android:name="com.google.firebase.auth.api.gms.service.START" />
245-->[com.google.firebase:firebase-auth:20.0.1] AndroidManifest.xml:69:17-89
245-->[com.google.firebase:firebase-auth:20.0.1] AndroidManifest.xml:69:25-86
246
247                <category android:name="android.intent.category.DEFAULT" />
247-->src\main\AndroidManifest.xml:55:17-76
247-->src\main\AndroidManifest.xml:55:27-73
248            </intent-filter>
249        </service>
250
251        <receiver
251-->[com.google.firebase:firebase-iid:21.0.0] AndroidManifest.xml:37:9-44:20
252            android:name="com.google.firebase.iid.FirebaseInstanceIdReceiver"
252-->[com.google.firebase:firebase-iid:21.0.0] AndroidManifest.xml:38:13-78
253            android:exported="true"
253-->[com.google.firebase:firebase-iid:21.0.0] AndroidManifest.xml:39:13-36
254            android:permission="com.google.android.c2dm.permission.SEND" >
254-->[com.google.firebase:firebase-iid:21.0.0] AndroidManifest.xml:40:13-73
255            <intent-filter>
255-->[com.google.firebase:firebase-iid:21.0.0] AndroidManifest.xml:41:13-43:29
256                <action android:name="com.google.android.c2dm.intent.RECEIVE" />
256-->[com.google.firebase:firebase-iid:21.0.0] AndroidManifest.xml:42:17-81
256-->[com.google.firebase:firebase-iid:21.0.0] AndroidManifest.xml:42:25-78
257            </intent-filter>
258        </receiver>
259
260        <provider
260-->[com.google.firebase:firebase-common:19.4.0] AndroidManifest.xml:26:9-31:39
261            android:name="com.google.firebase.provider.FirebaseInitProvider"
261-->[com.google.firebase:firebase-common:19.4.0] AndroidManifest.xml:27:13-77
262            android:authorities="com.example.a1024.firebaseinitprovider"
262-->[com.google.firebase:firebase-common:19.4.0] AndroidManifest.xml:28:13-72
263            android:directBootAware="true"
263-->[com.google.firebase:firebase-common:19.4.0] AndroidManifest.xml:29:13-43
264            android:exported="false"
264-->[com.google.firebase:firebase-common:19.4.0] AndroidManifest.xml:30:13-37
265            android:initOrder="100" />
265-->[com.google.firebase:firebase-common:19.4.0] AndroidManifest.xml:31:13-36
266
267        <activity
267-->[com.google.android.gms:play-services-auth:17.0.0] AndroidManifest.xml:23:9-27:75
268            android:name="com.google.android.gms.auth.api.signin.internal.SignInHubActivity"
268-->[com.google.android.gms:play-services-auth:17.0.0] AndroidManifest.xml:24:13-93
269            android:excludeFromRecents="true"
269-->[com.google.android.gms:play-services-auth:17.0.0] AndroidManifest.xml:25:13-46